<?xml version="1.0" encoding="UTF-8"?>
<!-- Generated by org.testng.reporters.JUnitReportReporter -->
<testsuite skipped="0" hostname="DESKTOP-BRDGUEK" name="SanityTests.orangeWeb" tests="4" failures="0" timestamp="05 Sep 2020 14:50:08 GMT" time="20.813" errors="0">
  <testcase name="test01_login" time="6.352" classname="SanityTests.orangeWeb"/>
  <testcase name="test03_DeleteEmployee" time="4.603" classname="SanityTests.orangeWeb"/>
  <testcase name="test02_AddEmployee" time="7.957" classname="SanityTests.orangeWeb"/>
  <testcase name="test04_verifyLogo" time="1.901" classname="SanityTests.orangeWeb"/>
</testsuite> <!-- SanityTests.orangeWeb -->
