<?xml version="1.0" encoding="UTF-8"?>
<!-- Generated by org.testng.reporters.JUnitReportReporter -->
<testsuite skipped="0" hostname="DESKTOP-BRDGUEK" name="SanityTests.calculatorDesktop" tests="1" failures="0" timestamp="05 Sep 2020 14:59:09 GMT" time="6.430" errors="0">
  <testcase name="test01_calcResult" time="6.430" classname="SanityTests.calculatorDesktop"/>
</testsuite> <!-- SanityTests.calculatorDesktop -->
