<?xml version="1.0" encoding="UTF-8"?>
<!-- Generated by org.testng.reporters.JUnitReportReporter -->
<testsuite skipped="0" hostname="DESKTOP-BRDGUEK" name="SanityTests.StudentListAPI" tests="4" failures="0" timestamp="05 Sep 2020 14:41:37 GMT" time="3.948" errors="0">
  <testcase name="test02_AddStudentList" time="0.424" classname="SanityTests.StudentListAPI"/>
  <testcase name="test03_UpdateStudentList" time="0.163" classname="SanityTests.StudentListAPI"/>
  <testcase name="test01_getList" time="3.258" classname="SanityTests.StudentListAPI"/>
  <testcase name="test04_deleteStudentList" time="0.103" classname="SanityTests.StudentListAPI"/>
</testsuite> <!-- SanityTests.StudentListAPI -->
