<?xml version="1.0" encoding="UTF-8"?>
<!-- Generated by org.testng.reporters.JUnitReportReporter -->
<testsuite skipped="0" hostname="DESKTOP-BRDGUEK" name="SanityTests.orangeWebDB" tests="1" failures="0" timestamp="05 Sep 2020 14:50:08 GMT" time="5.716" errors="0">
  <testcase name="test01_login" time="5.716" classname="SanityTests.orangeWebDB"/>
</testsuite> <!-- SanityTests.orangeWebDB -->
